<?xml version="1.0" encoding="UTF-8"?>
<testng-results ignored="0" total="1" passed="1" failed="0" skipped="0">
  <reporter-output>
  </reporter-output>
  <suite started-at="2022-11-26T14:06:34 IST" name="Suite" finished-at="2022-11-26T14:07:33 IST" duration-ms="58838">
    <groups>
    </groups>
    <test started-at="2022-11-26T14:06:34 IST" name="Test" finished-at="2022-11-26T14:07:33 IST" duration-ms="58838">
      <class name="testsclass.TS_LHL_001">
        <test-method is-config="true" signature="startBR()[pri:0, instance:testsclass.TS_LHL_001@1e04fa0a]" started-at="2022-11-26T14:06:34 IST" name="startBR" finished-at="2022-11-26T14:06:40 IST" duration-ms="6276" status="PASS">
          <reporter-output>
          </reporter-output>
        </test-method> <!-- startBR -->
        <test-method signature="ts_lhl_001()[pri:2, instance:testsclass.TS_LHL_001@1e04fa0a]" started-at="2022-11-26T14:06:40 IST" name="ts_lhl_001" finished-at="2022-11-26T14:07:32 IST" duration-ms="52232" status="PASS">
          <reporter-output>
          </reporter-output>
        </test-method> <!-- ts_lhl_001 -->
        <test-method is-config="true" signature="teardown()[pri:0, instance:testsclass.TS_LHL_001@1e04fa0a]" started-at="2022-11-26T14:07:32 IST" name="teardown" finished-at="2022-11-26T14:07:33 IST" duration-ms="296" status="PASS">
          <reporter-output>
          </reporter-output>
        </test-method> <!-- teardown -->
      </class> <!-- testsclass.TS_LHL_001 -->
    </test> <!-- Test -->
  </suite> <!-- Suite -->
</testng-results>
