<?xml version="1.0" encoding="UTF-8"?>
<testng-results ignored="0" total="1" passed="1" failed="0" skipped="0">
  <reporter-output>
  </reporter-output>
  <suite started-at="2021-11-16T14:07:40 IST" name="Suite" finished-at="2021-11-16T14:08:44 IST" duration-ms="63781">
    <groups>
    </groups>
    <test started-at="2021-11-16T14:07:40 IST" name="Test" finished-at="2021-11-16T14:08:44 IST" duration-ms="63781">
      <class name="TestCases.Login">
        <test-method is-config="true" signature="setup()[pri:0, instance:TestCases.Login@7c711375]" started-at="2021-11-16T14:07:45 IST" name="setup" finished-at="2021-11-16T14:08:16 IST" duration-ms="31269" status="PASS">
          <reporter-output>
          </reporter-output>
        </test-method> <!-- setup -->
        <test-method signature="Tc_IESP_001()[pri:0, instance:TestCases.Login@7c711375]" started-at="2021-11-16T14:08:16 IST" name="Tc_IESP_001" finished-at="2021-11-16T14:08:41 IST" duration-ms="24827" status="PASS">
          <reporter-output>
          </reporter-output>
        </test-method> <!-- Tc_IESP_001 -->
        <test-method is-config="true" signature="tearDown()[pri:0, instance:TestCases.Login@7c711375]" started-at="2021-11-16T14:08:41 IST" name="tearDown" finished-at="2021-11-16T14:08:44 IST" duration-ms="3039" status="PASS">
          <reporter-output>
          </reporter-output>
        </test-method> <!-- tearDown -->
      </class> <!-- TestCases.Login -->
    </test> <!-- Test -->
  </suite> <!-- Suite -->
</testng-results>
